<?xml version="1.0" encoding="UTF-8"?>
<!-- Generated by org.testng.reporters.JUnitReportReporter -->
<testsuite hostname="Burak-MBP.attlocal.net" failures="0" tests="6" name="CarvanaTest" time="48.112" errors="0" timestamp="14 Jan 2022 06:58:37 GMT" skipped="0">
  <testcase classname="CarvanaTest" name="ValidateCarvanaHomePageTitleAndUrl" time="5.255"/>
  <testcase classname="CarvanaTest" name="validateTheCarvanaLogo" time="5.901"/>
  <testcase classname="CarvanaTest" name="validateTheMainNavigationSectionItems" time="4.704"/>
  <testcase classname="CarvanaTest" name="validateTheCarvanaSignIn" time="5.855"/>
  <testcase classname="CarvanaTest" name="validateTheeSarchFilterOptionsAndSearchButton" time="10.160"/>
  <testcase classname="CarvanaTest" name="validateTheSearchResultTiles" time="16.237"/>
</testsuite> <!-- CarvanaTest -->
