<?xml version="1.0" encoding="UTF-8"?>
<!-- Generated by org.testng.reporters.JUnitReportReporter -->
<testsuite hostname="Burak-MBP.attlocal.net" failures="0" tests="6" name="CarvanaTest" time="57.533" errors="0" timestamp="14 Jan 2022 05:41:38 GMT" skipped="0">
  <testcase classname="CarvanaTest" name="ValidateCarvanaHomePageTitleAndUrl" time="4.219"/>
  <testcase classname="CarvanaTest" name="validateTheCarvanaLogo" time="6.282"/>
  <testcase classname="CarvanaTest" name="validateTheMainNavigationSectionItems" time="5.188"/>
  <testcase classname="CarvanaTest" name="validateTheCarvanaSignIn" time="6.245"/>
  <testcase classname="CarvanaTest" name="validateTheeSarchFilterOptionsAndSearchButton" time="11.448"/>
  <testcase classname="CarvanaTest" name="validateTheSearchResultTiles" time="24.151"/>
</testsuite> <!-- CarvanaTest -->
