<?xml version="1.0" encoding="UTF-8"?>
<!-- Generated by org.testng.reporters.JUnitReportReporter -->
<testsuite hostname="Burak-MBP.attlocal.net" failures="0" tests="6" name="CarvanaTest" time="55.361" errors="0" timestamp="15 Jan 2022 04:10:55 GMT" skipped="0">
  <testcase classname="CarvanaTest" name="ValidateCarvanaHomePageTitleAndUrl" time="4.514"/>
  <testcase classname="CarvanaTest" name="validateTheCarvanaLogo" time="5.970"/>
  <testcase classname="CarvanaTest" name="validateTheMainNavigationSectionItems" time="4.699"/>
  <testcase classname="CarvanaTest" name="validateTheSignInErrorMessage" time="6.144"/>
  <testcase classname="CarvanaTest" name="validateTheSearchFilterOptionsAndSearchButton" time="11.067"/>
  <testcase classname="CarvanaTest" name="validateTheSearchResultTiles" time="22.967"/>
</testsuite> <!-- CarvanaTest -->
