<?xml version="1.0" encoding="UTF-8"?>
<!-- Generated by org.testng.reporters.JUnitReportReporter -->
<testsuite hostname="Burak-MBP.attlocal.net" failures="0" tests="6" name="CarvanaTest" time="60.553" errors="0" timestamp="14 Jan 2022 06:44:16 GMT" skipped="0">
  <testcase classname="CarvanaTest" name="ValidateCarvanaHomePageTitleAndUrl" time="5.435"/>
  <testcase classname="CarvanaTest" name="validateTheCarvanaLogo" time="6.319"/>
  <testcase classname="CarvanaTest" name="validateTheMainNavigationSectionItems" time="5.300"/>
  <testcase classname="CarvanaTest" name="validateTheCarvanaSignIn" time="6.138"/>
  <testcase classname="CarvanaTest" name="validateTheeSarchFilterOptionsAndSearchButton" time="10.879"/>
  <testcase classname="CarvanaTest" name="validateTheSearchResultTiles" time="26.482"/>
</testsuite> <!-- CarvanaTest -->
