<?xml version="1.0" encoding="UTF-8"?>
<!-- Generated by org.testng.reporters.JUnitReportReporter -->
<testsuite hostname="Burak-MBP.attlocal.net" failures="0" tests="6" name="CarvanaTest" time="53.245" errors="0" timestamp="14 Jan 2022 07:10:24 GMT" skipped="0">
  <testcase classname="CarvanaTest" name="ValidateCarvanaHomePageTitleAndUrl" time="4.425"/>
  <testcase classname="CarvanaTest" name="validateTheCarvanaLogo" time="6.211"/>
  <testcase classname="CarvanaTest" name="validateTheMainNavigationSectionItems" time="5.148"/>
  <testcase classname="CarvanaTest" name="validateTheCarvanaSignIn" time="6.915"/>
  <testcase classname="CarvanaTest" name="validateTheeSarchFilterOptionsAndSearchButton" time="11.958"/>
  <testcase classname="CarvanaTest" name="validateTheSearchResultTiles" time="18.588"/>
</testsuite> <!-- CarvanaTest -->
