<?xml version="1.0" encoding="UTF-8"?>
<!-- Generated by org.testng.reporters.JUnitReportReporter -->
<testsuite hostname="Burak-MBP.attlocal.net" failures="0" tests="6" name="CarvanaTest" time="50.506" errors="0" timestamp="14 Jan 2022 07:18:13 GMT" skipped="0">
  <testcase classname="CarvanaTest" name="ValidateCarvanaHomePageTitleAndUrl" time="4.244"/>
  <testcase classname="CarvanaTest" name="validateTheCarvanaLogo" time="5.896"/>
  <testcase classname="CarvanaTest" name="validateTheMainNavigationSectionItems" time="4.668"/>
  <testcase classname="CarvanaTest" name="validateTheCarvanaSignIn" time="5.991"/>
  <testcase classname="CarvanaTest" name="validateTheeSarchFilterOptionsAndSearchButton" time="11.401"/>
  <testcase classname="CarvanaTest" name="validateTheSearchResultTiles" time="18.306"/>
</testsuite> <!-- CarvanaTest -->
